<?xml version="1.0" encoding="UTF-8"?>
<!-- Generated by org.testng.reporters.JUnitReportReporter -->
<testsuite hostname="DESKTOP-KP79OHH" name="com.automation.eCom.cucumberRunner.RunCukesByCompositionTest" tests="1" failures="0" timestamp="16 Jul 2017 16:27:32 GMT" time="1.858" errors="0">
  <testcase name="run_cukes" time="1.858" classname="com.automation.eCom.cucumberRunner.RunCukesByCompositionTest"/>
</testsuite> <!-- com.automation.eCom.cucumberRunner.RunCukesByCompositionTest -->
